App/build/app/intermediates/manifest_merge_blame_file/release/processReleaseMainManifest/manifest-merger-blame-release-report.txt
1<?xml version="1.0" encoding="utf-8"?>
2<manifest xmlns:android="http://schemas.android.com/apk/res/android"
3    package="com.example.test"
4    android:versionCode="1"
5    android:versionName="1.0.0" >
6
7    <uses-sdk
8        android:minSdkVersion="21"
9        android:targetSdkVersion="35" />
10
11    <uses-permission android:name="android.permission.INTERNET" />
11-->src/main/AndroidManifest.xml:2:1-63
11-->src/main/AndroidManifest.xml:2:18-60
12    <uses-permission android:name="android.permission.ACCESS_FINE_LOCATION" />
12-->src/main/AndroidManifest.xml:3:1-75
12-->src/main/AndroidManifest.xml:3:18-72
13    <uses-permission android:name="android.permission.ACCESS_COARSE_LOCATION" />
13-->src/main/AndroidManifest.xml:4:1-77
13-->src/main/AndroidManifest.xml:4:18-74
14    <!--
15         Required to query activities that can process text, see:
16         https://developer.android.com/training/package-visibility and
17         https://developer.android.com/reference/android/content/Intent#ACTION_PROCESS_TEXT.
18
19         In particular, this is used by the Flutter engine in io.flutter.plugin.text.ProcessTextPlugin.
20    -->
21    <queries>
21-->src/main/AndroidManifest.xml:42:5-47:15
22        <intent>
22-->src/main/AndroidManifest.xml:43:9-46:18
23            <action android:name="android.intent.action.PROCESS_TEXT" />
23-->src/main/AndroidManifest.xml:44:13-72
23-->src/main/AndroidManifest.xml:44:21-70
24
25            <data android:mimeType="text/plain" />
25-->src/main/AndroidManifest.xml:45:13-50
25-->src/main/AndroidManifest.xml:45:19-48
26        </intent>
27        <intent>
27-->[:flutter_inappwebview_android] AndroidManifest.xml:8:9-10:18
28            <action android:name="android.support.customtabs.action.CustomTabsService" />
28-->[:flutter_inappwebview_android] AndroidManifest.xml:9:13-90
28-->[:flutter_inappwebview_android] AndroidManifest.xml:9:21-87
29        </intent>
30    </queries>
31
32    <permission
32-->[androidx.core:core:1.13.1] AndroidManifest.xml:22:5-24:47
33        android:name="com.example.test.DYNAMIC_RECEIVER_NOT_EXPORTED_PERMISSION"
33-->[androidx.core:core:1.13.1] AndroidManifest.xml:23:9-81
34        android:protectionLevel="signature" />
34-->[androidx.core:core:1.13.1] AndroidManifest.xml:24:9-44
35
36    <uses-permission android:name="com.example.test.DYNAMIC_RECEIVER_NOT_EXPORTED_PERMISSION" />
36-->[androidx.core:core:1.13.1] AndroidManifest.xml:26:5-97
36-->[androidx.core:core:1.13.1] AndroidManifest.xml:26:22-94
37
38    <application
39        android:name="android.app.Application"
39-->src/main/AndroidManifest.xml:7:9-42
40        android:appComponentFactory="androidx.core.app.CoreComponentFactory"
40-->[androidx.core:core:1.13.1] AndroidManifest.xml:28:18-86
41        android:extractNativeLibs="true"
42        android:icon="@mipmap/ic_launcher"
42-->src/main/AndroidManifest.xml:8:9-43
43        android:label="test" >
43-->src/main/AndroidManifest.xml:6:9-29
44        <activity
44-->src/main/AndroidManifest.xml:9:9-30:20
45            android:name="com.example.test.MainActivity"
45-->src/main/AndroidManifest.xml:10:13-41
46            android:configChanges="orientation|keyboardHidden|keyboard|screenSize|smallestScreenSize|locale|layoutDirection|fontScale|screenLayout|density|uiMode"
46-->src/main/AndroidManifest.xml:15:13-163
47            android:exported="true"
47-->src/main/AndroidManifest.xml:11:13-36
48            android:hardwareAccelerated="true"
48-->src/main/AndroidManifest.xml:16:13-47
49            android:launchMode="singleTop"
49-->src/main/AndroidManifest.xml:12:13-43
50            android:taskAffinity=""
50-->src/main/AndroidManifest.xml:13:13-36
51            android:theme="@style/LaunchTheme"
51-->src/main/AndroidManifest.xml:14:13-47
52            android:windowSoftInputMode="adjustResize" >
52-->src/main/AndroidManifest.xml:17:13-55
53
54            <!--
55                 Specifies an Android theme to apply to this Activity as soon as
56                 the Android process has started. This theme is visible to the user
57                 while the Flutter UI initializes. After that, this theme continues
58                 to determine the Window background behind the Flutter UI.
59            -->
60            <meta-data
60-->src/main/AndroidManifest.xml:22:13-25:17
61                android:name="io.flutter.embedding.android.NormalTheme"
61-->src/main/AndroidManifest.xml:23:15-70
62                android:resource="@style/NormalTheme" />
62-->src/main/AndroidManifest.xml:24:15-52
63
64            <intent-filter>
64-->src/main/AndroidManifest.xml:26:13-29:29
65                <action android:name="android.intent.action.MAIN" />
65-->src/main/AndroidManifest.xml:27:17-68
65-->src/main/AndroidManifest.xml:27:25-66
66
67                <category android:name="android.intent.category.LAUNCHER" />
67-->src/main/AndroidManifest.xml:28:17-76
67-->src/main/AndroidManifest.xml:28:27-74
68            </intent-filter>
69        </activity>
70        <!--
71             Don't delete the meta-data below.
72             This is used by the Flutter tool to generate GeneratedPluginRegistrant.java
73        -->
74        <meta-data
74-->src/main/AndroidManifest.xml:33:9-35:33
75            android:name="flutterEmbedding"
75-->src/main/AndroidManifest.xml:34:13-44
76            android:value="2" />
76-->src/main/AndroidManifest.xml:35:13-30
77
78        <service
78-->[:geolocator_android] AndroidManifest.xml:8:9-12:56
79            android:name="com.baseflow.geolocator.GeolocatorLocationService"
79-->[:geolocator_android] AndroidManifest.xml:9:13-77
80            android:enabled="true"
80-->[:geolocator_android] AndroidManifest.xml:10:13-35
81            android:exported="false"
81-->[:geolocator_android] AndroidManifest.xml:11:13-37
82            android:foregroundServiceType="location" />
82-->[:geolocator_android] AndroidManifest.xml:12:13-53
83
84        <activity
84-->[:flutter_inappwebview_android] AndroidManifest.xml:14:9-18:47
85            android:name="com.pichillilorenzo.flutter_inappwebview_android.in_app_browser.InAppBrowserActivity"
85-->[:flutter_inappwebview_android] AndroidManifest.xml:15:13-112
86            android:configChanges="orientation|keyboardHidden|keyboard|screenSize|locale|layoutDirection|fontScale|screenLayout|density"
86-->[:flutter_inappwebview_android] AndroidManifest.xml:16:13-137
87            android:exported="false"
87-->[:flutter_inappwebview_android] AndroidManifest.xml:17:13-37
88            android:theme="@style/AppTheme" />
88-->[:flutter_inappwebview_android] AndroidManifest.xml:18:13-44
89        <activity
89-->[:flutter_inappwebview_android] AndroidManifest.xml:19:9-22:55
90            android:name="com.pichillilorenzo.flutter_inappwebview_android.chrome_custom_tabs.ChromeCustomTabsActivity"
90-->[:flutter_inappwebview_android] AndroidManifest.xml:20:13-120
91            android:exported="false"
91-->[:flutter_inappwebview_android] AndroidManifest.xml:21:13-37
92            android:theme="@style/ThemeTransparent" />
92-->[:flutter_inappwebview_android] AndroidManifest.xml:22:13-52
93        <activity
93-->[:flutter_inappwebview_android] AndroidManifest.xml:23:9-26:55
94            android:name="com.pichillilorenzo.flutter_inappwebview_android.chrome_custom_tabs.TrustedWebActivity"
94-->[:flutter_inappwebview_android] AndroidManifest.xml:24:13-114
95            android:exported="false"
95-->[:flutter_inappwebview_android] AndroidManifest.xml:25:13-37
96            android:theme="@style/ThemeTransparent" />
96-->[:flutter_inappwebview_android] AndroidManifest.xml:26:13-52
97        <activity
97-->[:flutter_inappwebview_android] AndroidManifest.xml:27:9-31:55
98            android:name="com.pichillilorenzo.flutter_inappwebview_android.chrome_custom_tabs.ChromeCustomTabsActivitySingleInstance"
98-->[:flutter_inappwebview_android] AndroidManifest.xml:28:13-134
99            android:exported="false"
99-->[:flutter_inappwebview_android] AndroidManifest.xml:29:13-37
100            android:launchMode="singleInstance"
100-->[:flutter_inappwebview_android] AndroidManifest.xml:30:13-48
101            android:theme="@style/ThemeTransparent" />
101-->[:flutter_inappwebview_android] AndroidManifest.xml:31:13-52
102        <activity
102-->[:flutter_inappwebview_android] AndroidManifest.xml:32:9-36:55
103            android:name="com.pichillilorenzo.flutter_inappwebview_android.chrome_custom_tabs.TrustedWebActivitySingleInstance"
103-->[:flutter_inappwebview_android] AndroidManifest.xml:33:13-128
104            android:exported="false"
104-->[:flutter_inappwebview_android] AndroidManifest.xml:34:13-37
105            android:launchMode="singleInstance"
105-->[:flutter_inappwebview_android] AndroidManifest.xml:35:13-48
106            android:theme="@style/ThemeTransparent" />
106-->[:flutter_inappwebview_android] AndroidManifest.xml:36:13-52
107
108        <receiver
108-->[:flutter_inappwebview_android] AndroidManifest.xml:38:9-41:40
109            android:name="com.pichillilorenzo.flutter_inappwebview_android.chrome_custom_tabs.ActionBroadcastReceiver"
109-->[:flutter_inappwebview_android] AndroidManifest.xml:39:13-119
110            android:enabled="true"
110-->[:flutter_inappwebview_android] AndroidManifest.xml:40:13-35
111            android:exported="false" />
111-->[:flutter_inappwebview_android] AndroidManifest.xml:41:13-37
112
113        <meta-data
113-->[:flutter_inappwebview_android] AndroidManifest.xml:43:9-45:36
114            android:name="io.flutter.embedded_views_preview"
114-->[:flutter_inappwebview_android] AndroidManifest.xml:44:13-61
115            android:value="true" />
115-->[:flutter_inappwebview_android] AndroidManifest.xml:45:13-33
116
117        <activity
117-->[com.google.android.gms:play-services-base:18.3.0] AndroidManifest.xml:20:9-22:45
118            android:name="com.google.android.gms.common.api.GoogleApiActivity"
118-->[com.google.android.gms:play-services-base:18.3.0] AndroidManifest.xml:20:19-85
119            android:exported="false"
119-->[com.google.android.gms:play-services-base:18.3.0] AndroidManifest.xml:22:19-43
120            android:theme="@android:style/Theme.Translucent.NoTitleBar" />
120-->[com.google.android.gms:play-services-base:18.3.0] AndroidManifest.xml:21:19-78
121
122        <meta-data
122-->[com.google.android.gms:play-services-basement:18.3.0] AndroidManifest.xml:21:9-23:69
123            android:name="com.google.android.gms.version"
123-->[com.google.android.gms:play-services-basement:18.3.0] AndroidManifest.xml:22:13-58
124            android:value="@integer/google_play_services_version" />
124-->[com.google.android.gms:play-services-basement:18.3.0] AndroidManifest.xml:23:13-66
125
126        <provider
126-->[androidx.emoji2:emoji2:1.2.0] AndroidManifest.xml:24:9-32:20
127            android:name="androidx.startup.InitializationProvider"
127-->[androidx.emoji2:emoji2:1.2.0] AndroidManifest.xml:25:13-67
128            android:authorities="com.example.test.androidx-startup"
128-->[androidx.emoji2:emoji2:1.2.0] AndroidManifest.xml:26:13-68
129            android:exported="false" >
129-->[androidx.emoji2:emoji2:1.2.0] AndroidManifest.xml:27:13-37
130            <meta-data
130-->[androidx.emoji2:emoji2:1.2.0] AndroidManifest.xml:29:13-31:52
131                android:name="androidx.emoji2.text.EmojiCompatInitializer"
131-->[androidx.emoji2:emoji2:1.2.0] AndroidManifest.xml:30:17-75
132                android:value="androidx.startup" />
132-->[androidx.emoji2:emoji2:1.2.0] AndroidManifest.xml:31:17-49
133            <meta-data
133-->[androidx.lifecycle:lifecycle-process:2.7.0] AndroidManifest.xml:29:13-31:52
134                android:name="androidx.lifecycle.ProcessLifecycleInitializer"
134-->[androidx.lifecycle:lifecycle-process:2.7.0] AndroidManifest.xml:30:17-78
135                android:value="androidx.startup" />
135-->[androidx.lifecycle:lifecycle-process:2.7.0] AndroidManifest.xml:31:17-49
136            <meta-data
136-->[androidx.profileinstaller:profileinstaller:1.3.1] AndroidManifest.xml:29:13-31:52
137                android:name="androidx.profileinstaller.ProfileInstallerInitializer"
137-->[androidx.profileinstaller:profileinstaller:1.3.1] AndroidManifest.xml:30:17-85
138                android:value="androidx.startup" />
138-->[androidx.profileinstaller:profileinstaller:1.3.1] AndroidManifest.xml:31:17-49
139        </provider>
140
141        <uses-library
141-->[androidx.window:window:1.2.0] AndroidManifest.xml:23:9-25:40
142            android:name="androidx.window.extensions"
142-->[androidx.window:window:1.2.0] AndroidManifest.xml:24:13-54
143            android:required="false" />
143-->[androidx.window:window:1.2.0] AndroidManifest.xml:25:13-37
144        <uses-library
144-->[androidx.window:window:1.2.0] AndroidManifest.xml:26:9-28:40
145            android:name="androidx.window.sidecar"
145-->[androidx.window:window:1.2.0] AndroidManifest.xml:27:13-51
146            android:required="false" />
146-->[androidx.window:window:1.2.0] AndroidManifest.xml:28:13-37
147
148        <receiver
148-->[androidx.profileinstaller:profileinstaller:1.3.1] AndroidManifest.xml:34:9-52:20
149            android:name="androidx.profileinstaller.ProfileInstallReceiver"
149-->[androidx.profileinstaller:profileinstaller:1.3.1] AndroidManifest.xml:35:13-76
150            android:directBootAware="false"
150-->[androidx.profileinstaller:profileinstaller:1.3.1] AndroidManifest.xml:36:13-44
151            android:enabled="true"
151-->[androidx.profileinstaller:profileinstaller:1.3.1] AndroidManifest.xml:37:13-35
152            android:exported="true"
152-->[androidx.profileinstaller:profileinstaller:1.3.1] AndroidManifest.xml:38:13-36
153            android:permission="android.permission.DUMP" >
153-->[androidx.profileinstaller:profileinstaller:1.3.1] AndroidManifest.xml:39:13-57
154            <intent-filter>
154-->[androidx.profileinstaller:profileinstaller:1.3.1] AndroidManifest.xml:40:13-42:29
155                <action android:name="androidx.profileinstaller.action.INSTALL_PROFILE" />
155-->[androidx.profileinstaller:profileinstaller:1.3.1] AndroidManifest.xml:41:17-91
155-->[androidx.profileinstaller:profileinstaller:1.3.1] AndroidManifest.xml:41:25-88
156            </intent-filter>
157            <intent-filter>
157-->[androidx.profileinstaller:profileinstaller:1.3.1] AndroidManifest.xml:43:13-45:29
158                <action android:name="androidx.profileinstaller.action.SKIP_FILE" />
158-->[androidx.profileinstaller:profileinstaller:1.3.1] AndroidManifest.xml:44:17-85
158-->[androidx.profileinstaller:profileinstaller:1.3.1] AndroidManifest.xml:44:25-82
159            </intent-filter>
160            <intent-filter>
160-->[androidx.profileinstaller:profileinstaller:1.3.1] AndroidManifest.xml:46:13-48:29
161                <action android:name="androidx.profileinstaller.action.SAVE_PROFILE" />
161-->[androidx.profileinstaller:profileinstaller:1.3.1] AndroidManifest.xml:47:17-88
161-->[androidx.profileinstaller:profileinstaller:1.3.1] AndroidManifest.xml:47:25-85
162            </intent-filter>
163            <intent-filter>
163-->[androidx.profileinstaller:profileinstaller:1.3.1] AndroidManifest.xml:49:13-51:29
164                <action android:name="androidx.profileinstaller.action.BENCHMARK_OPERATION" />
164-->[androidx.profileinstaller:profileinstaller:1.3.1] AndroidManifest.xml:50:17-95
164-->[androidx.profileinstaller:profileinstaller:1.3.1] AndroidManifest.xml:50:25-92
165            </intent-filter>
166        </receiver>
167    </application>
168
169</manifest>